[INFO ] 2018-09-29 17:54:36,193 method:goldapple.run(goldapple.java:67)
Connected to Ethereum client version:Geth/v1.8.13-patched-infura-omnibus-b59d4428/linux-amd64/go1.9.2 
[INFO ] 2018-09-29 17:54:38,420 method:goldapple.run(goldapple.java:77)
当前区块：6420574
[INFO ] 2018-09-29 17:54:38,421 method:goldapple.buyIn(goldapple.java:153)
===================开始第1次检查=====================
[INFO ] 2018-09-29 17:54:49,770 method:goldapple.buyIn(goldapple.java:159)
交易数量：160 
[INFO ] 2018-09-29 17:54:50,053 method:goldapple.buyIn(goldapple.java:163)
当前价格：1139902161176173 
[INFO ] 2018-09-29 17:54:50,592 method:goldapple.buyIn(goldapple.java:187)
剩余时间: 21398
[INFO ] 2018-09-29 17:54:50,592 method:goldapple.buyIn(goldapple.java:189)
大于30秒，继续等待 
[INFO ] 2018-09-29 17:54:50,592 method:goldapple.buyIn(goldapple.java:213)
<<<<<<<<<<<<<继续等待 2139 秒
[INFO ] 2018-09-29 23:42:05,160 method:goldapple.run(goldapple.java:67)
Connected to Ethereum client version:Geth/v1.8.13-patched-infura-omnibus-b59d4428/linux-amd64/go1.9.2 
[INFO ] 2018-09-29 23:42:29,609 method:goldapple.run(goldapple.java:67)
Connected to Ethereum client version:Geth/v1.8.13-patched-infura-omnibus-b59d4428/linux-amd64/go1.9.2 
