[INFO ] 2018-09-30 18:40:47,190 method:fairbank.App.startBuyKeyLastKey(App.java:120)
========== 开始抢Key BANK ==========
[INFO ] 2018-09-30 18:41:40,483 method:fairbank.App.startBuyKeyLastKey(App.java:120)
========== 开始抢Key BANK ==========
[INFO ] 2018-09-30 18:42:07,879 method:fairbank.App.startBuyKeyLastKey(App.java:120)
========== 开始抢Key BANK ==========
[INFO ] 2018-09-30 18:43:55,618 method:fairbank.App.startBuyKeyLastKey(App.java:120)
========== 开始抢Key BANK ==========
[INFO ] 2018-09-30 18:43:55,622 method:fairbank.App.startBuyKeyLastKey(App.java:130)
=============开始第 1 次检查================
[INFO ] 2018-09-30 18:49:01,945 method:fairbank.App.startBuyKeyLastKey(App.java:120)
========== 开始抢Key BANK ==========
[INFO ] 2018-09-30 18:49:01,949 method:fairbank.App.startBuyKeyLastKey(App.java:130)
=============开始第 1 次检查================
[INFO ] 2018-09-30 18:49:01,950 method:fairbank.App.startBuyKeyLastKey(App.java:133)
合约: "0xB8F93e49A3278bb92f643Ca2491cf80bfa0a01b7"
[INFO ] 2018-09-30 18:49:01,950 method:fairbank.App.startBuyKeyLastKey(App.java:135)
<<<<<<<<<< Step 1 查看剩余时间和当前KEY持有者
[INFO ] 2018-09-30 18:50:57,598 method:fairbank.App.startBuyKeyLastKey(App.java:120)
========== 开始抢Key BANK ==========
[INFO ] 2018-09-30 18:50:57,602 method:fairbank.App.startBuyKeyLastKey(App.java:130)
=============开始第 1 次检查================
[INFO ] 2018-09-30 18:50:57,603 method:fairbank.App.startBuyKeyLastKey(App.java:133)
合约: "0xB8F93e49A3278bb92f643Ca2491cf80bfa0a01b7"
[INFO ] 2018-09-30 18:50:57,603 method:fairbank.App.startBuyKeyLastKey(App.java:135)
<<<<<<<<<< Step 1 查看剩余时间和当前KEY持有者
[INFO ] 2018-09-30 18:51:39,542 method:fairbank.App.startBuyKeyLastKey(App.java:120)
========== 开始抢Key BANK ==========
[INFO ] 2018-09-30 18:51:39,545 method:fairbank.App.startBuyKeyLastKey(App.java:130)
=============开始第 1 次检查================
[INFO ] 2018-09-30 18:51:39,548 method:fairbank.App.startBuyKeyLastKey(App.java:133)
合约: "0xB8F93e49A3278bb92f643Ca2491cf80bfa0a01b7"
[INFO ] 2018-09-30 18:51:39,548 method:fairbank.App.startBuyKeyLastKey(App.java:135)
<<<<<<<<<< Step 1 查看剩余时间和当前KEY持有者
[INFO ] 2018-09-30 18:51:50,686 method:fairbank.App.startBuyKeyLastKey(App.java:120)
========== 开始抢Key BANK ==========
[INFO ] 2018-09-30 18:51:50,689 method:fairbank.App.startBuyKeyLastKey(App.java:130)
=============开始第 1 次检查================
[INFO ] 2018-09-30 18:51:50,690 method:fairbank.App.startBuyKeyLastKey(App.java:133)
合约: "0xB8F93e49A3278bb92f643Ca2491cf80bfa0a01b7"
[INFO ] 2018-09-30 18:51:50,690 method:fairbank.App.startBuyKeyLastKey(App.java:135)
<<<<<<<<<< Step 1 查看剩余时间和当前KEY持有者
[INFO ] 2018-09-30 18:57:03,900 method:fairbank.App.startBuyKeyLastKey(App.java:120)
========== 开始抢Key BANK ==========
[INFO ] 2018-09-30 18:57:03,904 method:fairbank.App.startBuyKeyLastKey(App.java:130)
=============开始第 1 次检查================
[INFO ] 2018-09-30 18:57:03,905 method:fairbank.App.startBuyKeyLastKey(App.java:133)
合约: "0xB8F93e49A3278bb92f643Ca2491cf80bfa0a01b7"
[INFO ] 2018-09-30 18:57:03,905 method:fairbank.App.startBuyKeyLastKey(App.java:135)
<<<<<<<<<< Step 1 查看剩余时间和当前KEY持有者
[INFO ] 2018-09-30 19:00:45,158 method:fairbank.App.startBuyKeyLastKey(App.java:120)
========== 开始抢Key BANK ==========
[INFO ] 2018-09-30 19:00:45,161 method:fairbank.App.startBuyKeyLastKey(App.java:130)
=============开始第 1 次检查================
[INFO ] 2018-09-30 19:00:45,162 method:fairbank.App.startBuyKeyLastKey(App.java:133)
合约: "0xB8F93e49A3278bb92f643Ca2491cf80bfa0a01b7"
[INFO ] 2018-09-30 19:00:45,162 method:fairbank.App.startBuyKeyLastKey(App.java:135)
<<<<<<<<<< Step 1 查看剩余时间和当前KEY持有者
[INFO ] 2018-09-30 19:01:58,342 method:fairbank.App.startBuyKeyLastKey(App.java:120)
========== 开始抢Key BANK ==========
[INFO ] 2018-09-30 19:01:58,345 method:fairbank.App.startBuyKeyLastKey(App.java:130)
=============开始第 1 次检查================
[INFO ] 2018-09-30 19:01:58,347 method:fairbank.App.startBuyKeyLastKey(App.java:133)
合约: "0xB8F93e49A3278bb92f643Ca2491cf80bfa0a01b7"
[INFO ] 2018-09-30 19:01:58,347 method:fairbank.App.startBuyKeyLastKey(App.java:135)
<<<<<<<<<< Step 1 查看剩余时间和当前KEY持有者
[INFO ] 2018-09-30 19:02:46,381 method:fairbank.App.startBuyKeyLastKey(App.java:120)
========== 开始抢Key BANK ==========
[INFO ] 2018-09-30 19:02:46,385 method:fairbank.App.startBuyKeyLastKey(App.java:130)
=============开始第 1 次检查================
[INFO ] 2018-09-30 19:02:46,386 method:fairbank.App.startBuyKeyLastKey(App.java:133)
合约: "0xB8F93e49A3278bb92f643Ca2491cf80bfa0a01b7"
[INFO ] 2018-09-30 19:02:46,387 method:fairbank.App.startBuyKeyLastKey(App.java:135)
<<<<<<<<<< Step 1 查看剩余时间和当前KEY持有者
[INFO ] 2018-09-30 19:04:33,361 method:fairbank.App.startBuyKeyLastKey(App.java:120)
========== 开始抢Key BANK ==========
[INFO ] 2018-09-30 19:04:33,364 method:fairbank.App.startBuyKeyLastKey(App.java:130)
=============开始第 1 次检查================
[INFO ] 2018-09-30 19:04:33,366 method:fairbank.App.startBuyKeyLastKey(App.java:133)
合约: "0xB8F93e49A3278bb92f643Ca2491cf80bfa0a01b7"
[INFO ] 2018-09-30 19:04:33,366 method:fairbank.App.startBuyKeyLastKey(App.java:135)
<<<<<<<<<< Step 1 查看剩余时间和当前KEY持有者
[INFO ] 2018-09-30 19:05:08,500 method:fairbank.App.startBuyKeyLastKey(App.java:120)
========== 开始抢Key BANK ==========
[INFO ] 2018-09-30 19:05:08,504 method:fairbank.App.startBuyKeyLastKey(App.java:130)
=============开始第 1 次检查================
[INFO ] 2018-09-30 19:05:08,505 method:fairbank.App.startBuyKeyLastKey(App.java:133)
合约: "0xB8F93e49A3278bb92f643Ca2491cf80bfa0a01b7"
[INFO ] 2018-09-30 19:05:08,505 method:fairbank.App.startBuyKeyLastKey(App.java:135)
<<<<<<<<<< Step 1 查看剩余时间和当前KEY持有者
[INFO ] 2018-09-30 19:10:08,126 method:fairbank.App.startBuyKeyLastKey(App.java:120)
========== 开始抢Key BANK ==========
[INFO ] 2018-09-30 19:10:08,131 method:fairbank.App.startBuyKeyLastKey(App.java:130)
=============开始第 1 次检查================
[INFO ] 2018-09-30 19:10:08,133 method:fairbank.App.startBuyKeyLastKey(App.java:133)
合约: "0xB8F93e49A3278bb92f643Ca2491cf80bfa0a01b7"
[INFO ] 2018-09-30 19:10:08,133 method:fairbank.App.startBuyKeyLastKey(App.java:135)
<<<<<<<<<< Step 1 查看剩余时间和当前KEY持有者
[INFO ] 2018-09-30 19:10:29,310 method:fairbank.App.startBuyKeyLastKey(App.java:120)
========== 开始抢Key BANK ==========
[INFO ] 2018-09-30 19:10:29,314 method:fairbank.App.startBuyKeyLastKey(App.java:130)
=============开始第 1 次检查================
[INFO ] 2018-09-30 19:10:29,315 method:fairbank.App.startBuyKeyLastKey(App.java:133)
合约: "0xB8F93e49A3278bb92f643Ca2491cf80bfa0a01b7"
[INFO ] 2018-09-30 19:10:29,315 method:fairbank.App.startBuyKeyLastKey(App.java:135)
<<<<<<<<<< Step 1 查看剩余时间和当前KEY持有者
[INFO ] 2018-09-30 19:11:06,364 method:fairbank.App.startBuyKeyLastKey(App.java:120)
========== 开始抢Key BANK ==========
[INFO ] 2018-09-30 19:11:06,371 method:fairbank.App.startBuyKeyLastKey(App.java:130)
=============开始第 1 次检查================
[INFO ] 2018-09-30 19:11:06,372 method:fairbank.App.startBuyKeyLastKey(App.java:133)
合约: 0xB8F93e49A3278bb92f643Ca2491cf80bfa0a01b7
[INFO ] 2018-09-30 19:11:06,373 method:fairbank.App.startBuyKeyLastKey(App.java:135)
<<<<<<<<<< Step 1 查看剩余时间和当前KEY持有者
[INFO ] 2018-09-30 19:11:09,384 method:fairbank.manager.ContractManager.getCurrentInfo(ContractManager.java:234)
target 0xB8F93e49A3278bb92f643Ca2491cf80bfa0a01b7 End Time:1538328175 amounts:4111736033891687289 targetAmount: 4112844727272727272
[INFO ] 2018-09-30 19:11:09,385 method:fairbank.manager.ContractManager$1.onRetry(ContractManager.java:76)
retry result: Tuple3{value1=1538328175, value2=4111736033891687289, value3=4112844727272727272} number: 1
[INFO ] 2018-09-30 19:11:09,385 method:fairbank.App.startBuyKeyLastKey(App.java:145)
离结束还有 22306 秒
[INFO ] 2018-09-30 19:11:09,385 method:fairbank.App.startBuyKeyLastKey(App.java:146)
已筹款 4111736033891687289
[INFO ] 2018-09-30 19:11:09,385 method:fairbank.App.startBuyKeyLastKey(App.java:147)
筹款目标 4112844727272727272
[INFO ] 2018-09-30 19:11:09,386 method:fairbank.App.startBuyKeyLastKey(App.java:155)
<<<<<<<<<< 时间足够，离结束还有 22306 秒
[INFO ] 2018-09-30 19:11:09,386 method:fairbank.App.startBuyKeyLastKey(App.java:178)
<<<<<<<<<<<<<继续等待2230秒
[INFO ] 2018-09-30 19:39:49,186 method:fairbank.App.startBuyKeyLastKey(App.java:120)
========== 开始抢Key BANK ==========
[INFO ] 2018-09-30 19:39:49,189 method:fairbank.App.startBuyKeyLastKey(App.java:130)
=============开始第 1 次检查================
[INFO ] 2018-09-30 19:39:49,191 method:fairbank.App.startBuyKeyLastKey(App.java:133)
合约: 0xB8F93e49A3278bb92f643Ca2491cf80bfa0a01b7
[INFO ] 2018-09-30 19:39:49,193 method:fairbank.App.startBuyKeyLastKey(App.java:135)
<<<<<<<<<< Step 1 查看剩余时间
[INFO ] 2018-09-30 19:39:51,534 method:fairbank.manager.ContractManager.getCurrentInfo(ContractManager.java:274)
target 0xB8F93e49A3278bb92f643Ca2491cf80bfa0a01b7 End Time:1538328175 amounts:4111736033891687289 targetAmount: 4112844727272727272
[INFO ] 2018-09-30 19:39:51,535 method:fairbank.manager.ContractManager$1.onRetry(ContractManager.java:78)
retry result: Tuple3{value1=1538328175, value2=4111736033891687289, value3=4112844727272727272} number: 1
[INFO ] 2018-09-30 19:39:51,535 method:fairbank.App.startBuyKeyLastKey(App.java:143)
离结束还有 20584 秒
[INFO ] 2018-09-30 19:39:51,535 method:fairbank.App.startBuyKeyLastKey(App.java:144)
已筹款 4111736033891687289
[INFO ] 2018-09-30 19:39:51,536 method:fairbank.App.startBuyKeyLastKey(App.java:145)
筹款目标 4112844727272727272
[INFO ] 2018-09-30 19:39:51,793 method:fairbank.manager.ContractManager.getCurrentBalance(ContractManager.java:207)
账户余额 : {}0
[INFO ] 2018-09-30 19:39:51,793 method:fairbank.manager.ContractManager$1.onRetry(ContractManager.java:78)
retry result: 0 number: 1
[INFO ] 2018-09-30 19:39:51,793 method:fairbank.App.startBuyKeyLastKey(App.java:150)
账户余额 0
[INFO ] 2018-09-30 19:39:51,793 method:fairbank.App.startBuyKeyLastKey(App.java:151)
花费金额 110869338103998
[ERROR] 2018-09-30 19:39:51,793 method:fairbank.App.startBuyKeyLastKey(App.java:154)
余额不足
[INFO ] 2018-09-30 19:39:51,794 method:fairbank.App.startBuyKeyLastKey(App.java:163)
<<<<<<<<<< 时间足够，离结束还有 20584 秒
[INFO ] 2018-09-30 19:39:51,794 method:fairbank.App.startBuyKeyLastKey(App.java:186)
<<<<<<<<<<<<<继续等待2058秒
[INFO ] 2018-09-30 19:42:30,873 method:fairbank.App.startBuyKeyLastKey(App.java:120)
========== 开始抢Key BANK ==========
[INFO ] 2018-09-30 19:42:32,935 method:fairbank.App.startBuyKeyLastKey(App.java:130)
=============开始第 1 次检查================
[INFO ] 2018-09-30 19:42:32,938 method:fairbank.App.startBuyKeyLastKey(App.java:133)
合约: 0xB8F93e49A3278bb92f643Ca2491cf80bfa0a01b7
[INFO ] 2018-09-30 19:42:32,938 method:fairbank.App.startBuyKeyLastKey(App.java:135)
<<<<<<<<<< Step 1 查看剩余时间
[INFO ] 2018-09-30 19:42:46,852 method:fairbank.App.startBuyKeyLastKey(App.java:120)
========== 开始抢Key BANK ==========
[INFO ] 2018-09-30 19:42:46,856 method:fairbank.App.startBuyKeyLastKey(App.java:130)
=============开始第 1 次检查================
[INFO ] 2018-09-30 19:42:46,858 method:fairbank.App.startBuyKeyLastKey(App.java:133)
合约: 0xB8F93e49A3278bb92f643Ca2491cf80bfa0a01b7
[INFO ] 2018-09-30 19:42:46,858 method:fairbank.App.startBuyKeyLastKey(App.java:135)
<<<<<<<<<< Step 1 查看剩余时间
[INFO ] 2018-09-30 19:42:49,526 method:fairbank.manager.ContractManager.getCurrentInfo(ContractManager.java:274)
target 0xB8F93e49A3278bb92f643Ca2491cf80bfa0a01b7 End Time:1538328175 amounts:4111736033891687289 targetAmount: 4112844727272727272
[INFO ] 2018-09-30 19:42:49,527 method:fairbank.manager.ContractManager$1.onRetry(ContractManager.java:78)
retry result: Tuple3{value1=1538328175, value2=4111736033891687289, value3=4112844727272727272} number: 1
[INFO ] 2018-09-30 19:42:49,527 method:fairbank.App.startBuyKeyLastKey(App.java:143)
离结束还有 20406 秒
[INFO ] 2018-09-30 19:42:49,527 method:fairbank.App.startBuyKeyLastKey(App.java:144)
已筹款 4111736033891687289
[INFO ] 2018-09-30 19:42:49,527 method:fairbank.App.startBuyKeyLastKey(App.java:145)
筹款目标 4112844727272727272
[INFO ] 2018-09-30 19:44:54,673 method:fairbank.manager.ContractManager.getCurrentBalance(ContractManager.java:207)
账户余额 : 0
[INFO ] 2018-09-30 19:44:54,673 method:fairbank.manager.ContractManager$1.onRetry(ContractManager.java:78)
retry result: 0 number: 1
[INFO ] 2018-09-30 19:44:54,674 method:fairbank.App.startBuyKeyLastKey(App.java:150)
账户余额 0
[INFO ] 2018-09-30 19:44:54,675 method:fairbank.App.startBuyKeyLastKey(App.java:151)
花费金额 110869338103998
[ERROR] 2018-09-30 19:44:54,675 method:fairbank.App.startBuyKeyLastKey(App.java:154)
余额不足
[INFO ] 2018-09-30 19:44:54,675 method:fairbank.App.startBuyKeyLastKey(App.java:163)
<<<<<<<<<< 时间足够，离结束还有 20406 秒
[INFO ] 2018-09-30 19:44:54,675 method:fairbank.App.startBuyKeyLastKey(App.java:186)
<<<<<<<<<<<<<继续等待2040秒
[INFO ] 2018-09-30 19:45:43,939 method:fairbank.App.startBuyKeyLastKey(App.java:120)
========== 开始抢Key BANK ==========
[INFO ] 2018-09-30 19:45:43,952 method:fairbank.App.startBuyKeyLastKey(App.java:130)
=============开始第 1 次检查================
[INFO ] 2018-09-30 19:45:43,955 method:fairbank.App.startBuyKeyLastKey(App.java:133)
合约: 0xB8F93e49A3278bb92f643Ca2491cf80bfa0a01b7
[INFO ] 2018-09-30 19:45:43,956 method:fairbank.App.startBuyKeyLastKey(App.java:135)
<<<<<<<<<< Step 1 查看剩余时间
[INFO ] 2018-09-30 19:45:47,075 method:fairbank.manager.ContractManager.getCurrentInfo(ContractManager.java:274)
target 0xB8F93e49A3278bb92f643Ca2491cf80bfa0a01b7 End Time:1538328175 amounts:4111736033891687289 targetAmount: 4112844727272727272
[INFO ] 2018-09-30 19:45:47,076 method:fairbank.manager.ContractManager$1.onRetry(ContractManager.java:78)
retry result: Tuple3{value1=1538328175, value2=4111736033891687289, value3=4112844727272727272} number: 1
[INFO ] 2018-09-30 19:45:47,076 method:fairbank.App.startBuyKeyLastKey(App.java:143)
离结束还有 20228 秒
[INFO ] 2018-09-30 19:45:47,077 method:fairbank.App.startBuyKeyLastKey(App.java:144)
已筹款 4111736033891687289
[INFO ] 2018-09-30 19:45:47,077 method:fairbank.App.startBuyKeyLastKey(App.java:145)
筹款目标 4112844727272727272
[INFO ] 2018-09-30 19:47:17,057 method:fairbank.manager.ContractManager.getCurrentBalance(ContractManager.java:207)
账户余额 : 0
[INFO ] 2018-09-30 19:47:17,058 method:fairbank.manager.ContractManager$1.onRetry(ContractManager.java:78)
retry result: 0 number: 1
[INFO ] 2018-09-30 19:47:17,058 method:fairbank.App.startBuyKeyLastKey(App.java:150)
账户余额 0
[INFO ] 2018-09-30 19:47:17,059 method:fairbank.App.startBuyKeyLastKey(App.java:151)
花费金额 110869338103998
[ERROR] 2018-09-30 19:47:17,059 method:fairbank.App.startBuyKeyLastKey(App.java:154)
余额不足
[INFO ] 2018-09-30 19:47:17,059 method:fairbank.App.startBuyKeyLastKey(App.java:163)
<<<<<<<<<< 时间足够，离结束还有 20228 秒
[INFO ] 2018-09-30 19:47:17,060 method:fairbank.App.startBuyKeyLastKey(App.java:186)
<<<<<<<<<<<<<继续等待2022秒
[INFO ] 2018-09-30 19:47:25,965 method:fairbank.App.startBuyKeyLastKey(App.java:120)
========== 开始抢Key BANK ==========
[INFO ] 2018-09-30 19:47:25,969 method:fairbank.App.startBuyKeyLastKey(App.java:130)
=============开始第 1 次检查================
[INFO ] 2018-09-30 19:47:25,971 method:fairbank.App.startBuyKeyLastKey(App.java:133)
合约: 0xB8F93e49A3278bb92f643Ca2491cf80bfa0a01b7
[INFO ] 2018-09-30 19:47:25,971 method:fairbank.App.startBuyKeyLastKey(App.java:135)
<<<<<<<<<< Step 1 查看剩余时间
[INFO ] 2018-09-30 19:47:29,134 method:fairbank.manager.ContractManager.getCurrentInfo(ContractManager.java:274)
target 0xB8F93e49A3278bb92f643Ca2491cf80bfa0a01b7 End Time:1538328175 amounts:4111736033891687289 targetAmount: 4112844727272727272
[INFO ] 2018-09-30 19:47:29,134 method:fairbank.manager.ContractManager$1.onRetry(ContractManager.java:78)
retry result: Tuple3{value1=1538328175, value2=4111736033891687289, value3=4112844727272727272} number: 1
[INFO ] 2018-09-30 19:47:29,135 method:fairbank.App.startBuyKeyLastKey(App.java:143)
离结束还有 20126 秒
[INFO ] 2018-09-30 19:47:29,135 method:fairbank.App.startBuyKeyLastKey(App.java:144)
已筹款 4111736033891687289
[INFO ] 2018-09-30 19:47:29,135 method:fairbank.App.startBuyKeyLastKey(App.java:145)
筹款目标 4112844727272727272
[INFO ] 2018-09-30 19:47:29,482 method:fairbank.manager.ContractManager.getCurrentBalance(ContractManager.java:207)
账户余额 : 989539870000000000
[INFO ] 2018-09-30 19:47:29,482 method:fairbank.manager.ContractManager$1.onRetry(ContractManager.java:78)
retry result: 989539870000000000 number: 1
[INFO ] 2018-09-30 19:47:29,482 method:fairbank.App.startBuyKeyLastKey(App.java:150)
账户余额 989539870000000000
[INFO ] 2018-09-30 19:47:29,482 method:fairbank.App.startBuyKeyLastKey(App.java:151)
花费金额 110869338103998
[INFO ] 2018-09-30 19:47:29,482 method:fairbank.App.startBuyKeyLastKey(App.java:163)
<<<<<<<<<< 时间足够，离结束还有 20126 秒
[INFO ] 2018-09-30 19:47:29,483 method:fairbank.App.startBuyKeyLastKey(App.java:186)
<<<<<<<<<<<<<继续等待2012秒
[INFO ] 2018-09-30 19:55:47,770 method:fairbank.App.startBuyKeyLastKey(App.java:119)
========== 开始抢Key BANK ==========
[INFO ] 2018-09-30 19:55:47,774 method:fairbank.App.startBuyKeyLastKey(App.java:129)
=============开始第 1 次检查================
[INFO ] 2018-09-30 19:55:47,776 method:fairbank.App.startBuyKeyLastKey(App.java:132)
合约: 0xB8F93e49A3278bb92f643Ca2491cf80bfa0a01b7
[INFO ] 2018-09-30 19:55:47,777 method:fairbank.App.startBuyKeyLastKey(App.java:134)
<<<<<<<<<< Step 1 查看剩余时间
[ERROR] 2018-09-30 19:55:48,854 method:fairbank.manager.ContractManager$1.onRetry(ContractManager.java:73)
retry exception 1
[INFO ] 2018-09-30 19:56:33,756 method:fairbank.App.startBuyKeyLastKey(App.java:119)
========== 开始抢Key BANK ==========
[INFO ] 2018-09-30 19:56:33,762 method:fairbank.App.startBuyKeyLastKey(App.java:129)
=============开始第 1 次检查================
[INFO ] 2018-09-30 19:56:33,764 method:fairbank.App.startBuyKeyLastKey(App.java:132)
合约: 0xB8F93e49A3278bb92f643Ca2491cf80bfa0a01b7
[INFO ] 2018-09-30 19:56:33,765 method:fairbank.App.startBuyKeyLastKey(App.java:134)
<<<<<<<<<< Step 1 查看剩余时间
[INFO ] 2018-09-30 19:56:36,062 method:fairbank.manager.ContractManager.getCurrentInfo(ContractManager.java:274)
target 0xB8F93e49A3278bb92f643Ca2491cf80bfa0a01b7 End Time:1538328175 amounts:4111736033891687289 targetAmount: 4112844727272727272
[INFO ] 2018-09-30 19:56:36,063 method:fairbank.manager.ContractManager$1.onRetry(ContractManager.java:78)
retry result: Tuple3{value1=1538328175, value2=4111736033891687289, value3=4112844727272727272} number: 1
[INFO ] 2018-09-30 19:56:36,063 method:fairbank.App.startBuyKeyLastKey(App.java:142)
离结束还有 19579 秒
[INFO ] 2018-09-30 19:56:36,063 method:fairbank.App.startBuyKeyLastKey(App.java:143)
已筹款 4111736033891687289
[INFO ] 2018-09-30 19:56:36,063 method:fairbank.App.startBuyKeyLastKey(App.java:144)
筹款目标 4112844727272727272
[INFO ] 2018-09-30 19:56:36,297 method:fairbank.manager.ContractManager.getCurrentBalance(ContractManager.java:207)
账户余额 : 989539870000000000
[INFO ] 2018-09-30 19:56:36,297 method:fairbank.manager.ContractManager$1.onRetry(ContractManager.java:78)
retry result: 989539870000000000 number: 1
[INFO ] 2018-09-30 19:56:36,297 method:fairbank.App.startBuyKeyLastKey(App.java:149)
账户余额 989539870000000000
[INFO ] 2018-09-30 19:56:36,298 method:fairbank.App.startBuyKeyLastKey(App.java:150)
花费金额 110869338103998
[INFO ] 2018-09-30 19:56:36,298 method:fairbank.App.startBuyKeyLastKey(App.java:162)
<<<<<<<<<< 时间足够，离结束还有 19579 秒
[INFO ] 2018-09-30 19:56:36,298 method:fairbank.App.startBuyKeyLastKey(App.java:185)
<<<<<<<<<<<<<继续等待1957秒
[INFO ] 2018-09-30 19:57:56,718 method:fairbank.App.startBuyKeyLastKey(App.java:119)
========== 开始抢Key BANK ==========
[INFO ] 2018-09-30 19:57:56,722 method:fairbank.App.startBuyKeyLastKey(App.java:129)
=============开始第 1 次检查================
[INFO ] 2018-09-30 19:57:56,723 method:fairbank.App.startBuyKeyLastKey(App.java:132)
合约: 0xB8F93e49A3278bb92f643Ca2491cf80bfa0a01b7
[INFO ] 2018-09-30 19:57:56,723 method:fairbank.App.startBuyKeyLastKey(App.java:134)
<<<<<<<<<< Step 1 查看剩余时间
[ERROR] 2018-09-30 19:57:57,814 method:fairbank.manager.ContractManager$1.onRetry(ContractManager.java:73)
retry exception 1
[INFO ] 2018-09-30 20:00:34,251 method:fairbank.App.startBuyKeyLastKey(App.java:119)
========== 开始抢Key BANK ==========
[INFO ] 2018-09-30 20:00:34,254 method:fairbank.App.startBuyKeyLastKey(App.java:129)
=============开始第 1 次检查================
[INFO ] 2018-09-30 20:00:34,255 method:fairbank.App.startBuyKeyLastKey(App.java:132)
合约: 0xB8F93e49A3278bb92f643Ca2491cf80bfa0a01b7
[INFO ] 2018-09-30 20:00:34,255 method:fairbank.App.startBuyKeyLastKey(App.java:134)
<<<<<<<<<< Step 1 查看剩余时间
[ERROR] 2018-09-30 20:00:35,262 method:fairbank.manager.ContractManager$1.onRetry(ContractManager.java:73)
retry exception 1
[INFO ] 2018-09-30 20:01:30,019 method:fairbank.App.startBuyKeyLastKey(App.java:119)
========== 开始抢Key BANK ==========
[INFO ] 2018-09-30 20:01:30,023 method:fairbank.App.startBuyKeyLastKey(App.java:129)
=============开始第 1 次检查================
[INFO ] 2018-09-30 20:01:30,025 method:fairbank.App.startBuyKeyLastKey(App.java:132)
合约: 0xB8F93e49A3278bb92f643Ca2491cf80bfa0a01b7
[INFO ] 2018-09-30 20:01:30,026 method:fairbank.App.startBuyKeyLastKey(App.java:134)
<<<<<<<<<< Step 1 查看剩余时间
[INFO ] 2018-09-30 20:01:33,280 method:fairbank.manager.ContractManager.getCurrentInfo(ContractManager.java:274)
target 0xB8F93e49A3278bb92f643Ca2491cf80bfa0a01b7 End Time:1538328175 amounts:4111736033891687289 targetAmount: 4112844727272727272
[INFO ] 2018-09-30 20:01:33,281 method:fairbank.manager.ContractManager$1.onRetry(ContractManager.java:78)
retry result: Tuple3{value1=1538328175, value2=4111736033891687289, value3=4112844727272727272} number: 1
[INFO ] 2018-09-30 20:01:33,281 method:fairbank.App.startBuyKeyLastKey(App.java:142)
离结束还有 19282 秒
[INFO ] 2018-09-30 20:01:33,281 method:fairbank.App.startBuyKeyLastKey(App.java:143)
已筹款 4111736033891687289
[INFO ] 2018-09-30 20:01:33,281 method:fairbank.App.startBuyKeyLastKey(App.java:144)
筹款目标 4112844727272727272
[INFO ] 2018-09-30 20:01:33,700 method:fairbank.manager.ContractManager.getCurrentBalance(ContractManager.java:207)
账户余额 : 989539870000000000
[INFO ] 2018-09-30 20:01:33,700 method:fairbank.manager.ContractManager$1.onRetry(ContractManager.java:78)
retry result: 989539870000000000 number: 1
[INFO ] 2018-09-30 20:01:33,700 method:fairbank.App.startBuyKeyLastKey(App.java:149)
账户余额 989539870000000000
[INFO ] 2018-09-30 20:01:33,700 method:fairbank.App.startBuyKeyLastKey(App.java:150)
花费金额 110869338103998
[INFO ] 2018-09-30 20:01:33,700 method:fairbank.App.startBuyKeyLastKey(App.java:162)
<<<<<<<<<< 时间足够，离结束还有 19282 秒
[INFO ] 2018-09-30 20:01:33,700 method:fairbank.App.startBuyKeyLastKey(App.java:185)
<<<<<<<<<<<<<继续等待1928秒
[INFO ] 2018-09-30 21:07:19,217 method:fairbank.App.startBuyKeyLastKey(App.java:119)
========== 开始抢Key BANK ==========
[INFO ] 2018-09-30 21:07:19,221 method:fairbank.App.startBuyKeyLastKey(App.java:129)
=============开始第 1 次检查================
[INFO ] 2018-09-30 21:07:19,222 method:fairbank.App.startBuyKeyLastKey(App.java:132)
合约: 0xB8F93e49A3278bb92f643Ca2491cf80bfa0a01b7
[INFO ] 2018-09-30 21:07:19,222 method:fairbank.App.startBuyKeyLastKey(App.java:134)
<<<<<<<<<< Step 1 查看剩余时间
[INFO ] 2018-09-30 21:07:21,418 method:fairbank.manager.ContractManager.getCurrentInfo(ContractManager.java:274)
target 0xB8F93e49A3278bb92f643Ca2491cf80bfa0a01b7 End Time:1538376635 amounts:538891306618960017 targetAmount: 4130131636363636363
[INFO ] 2018-09-30 21:07:21,418 method:fairbank.manager.ContractManager$1.onRetry(ContractManager.java:78)
retry result: Tuple3{value1=1538376635, value2=538891306618960017, value3=4130131636363636363} number: 1
[INFO ] 2018-09-30 21:07:21,418 method:fairbank.App.startBuyKeyLastKey(App.java:142)
离结束还有 63794 秒
[INFO ] 2018-09-30 21:07:21,419 method:fairbank.App.startBuyKeyLastKey(App.java:143)
已筹款 538891306618960017
[INFO ] 2018-09-30 21:07:21,419 method:fairbank.App.startBuyKeyLastKey(App.java:144)
筹款目标 4130131636363636363
[INFO ] 2018-09-30 21:07:21,637 method:fairbank.manager.ContractManager.getCurrentBalance(ContractManager.java:207)
账户余额 : 989539870000000000
[INFO ] 2018-09-30 21:07:21,637 method:fairbank.manager.ContractManager$1.onRetry(ContractManager.java:78)
retry result: 989539870000000000 number: 1
[INFO ] 2018-09-30 21:07:21,637 method:fairbank.App.startBuyKeyLastKey(App.java:149)
账户余额 989539870000000000
[INFO ] 2018-09-30 21:07:21,637 method:fairbank.App.startBuyKeyLastKey(App.java:150)
花费金额 359124032974467634
[INFO ] 2018-09-30 21:07:21,638 method:fairbank.App.startBuyKeyLastKey(App.java:162)
<<<<<<<<<< 时间足够，离结束还有 63794 秒
[INFO ] 2018-09-30 21:07:21,638 method:fairbank.App.startBuyKeyLastKey(App.java:185)
<<<<<<<<<<<<<继续等待6379秒
[INFO ] 2018-10-01 16:20:06,649 method:fairbank.App.startBuyKeyLastKey(App.java:119)
========== 开始抢Key BANK ==========
[INFO ] 2018-10-01 16:20:06,651 method:fairbank.App.startBuyKeyLastKey(App.java:129)
=============开始第 1 次检查================
[INFO ] 2018-10-01 16:20:06,653 method:fairbank.App.startBuyKeyLastKey(App.java:132)
合约: 0xB8F93e49A3278bb92f643Ca2491cf80bfa0a01b7
[INFO ] 2018-10-01 16:20:06,653 method:fairbank.App.startBuyKeyLastKey(App.java:134)
<<<<<<<<<< Step 1 查看剩余时间
[INFO ] 2018-10-01 16:21:36,090 method:fairbank.App.startBuyKeyLastKey(App.java:119)
========== 开始抢Key BANK ==========
[INFO ] 2018-10-01 16:21:36,093 method:fairbank.App.startBuyKeyLastKey(App.java:129)
=============开始第 1 次检查================
[INFO ] 2018-10-01 16:21:36,094 method:fairbank.App.startBuyKeyLastKey(App.java:132)
合约: 0xB8F93e49A3278bb92f643Ca2491cf80bfa0a01b7
[INFO ] 2018-10-01 16:21:36,094 method:fairbank.App.startBuyKeyLastKey(App.java:134)
<<<<<<<<<< Step 1 查看剩余时间
[INFO ] 2018-10-01 16:21:38,264 method:fairbank.manager.ContractManager.getCurrentInfo(ContractManager.java:274)
target 0xB8F93e49A3278bb92f643Ca2491cf80bfa0a01b7 End Time:1538432466 amounts:3000000000000000000 targetAmount: 4182027272727272727
[INFO ] 2018-10-01 16:21:38,265 method:fairbank.manager.ContractManager$1.onRetry(ContractManager.java:78)
retry result: Tuple3{value1=1538432466, value2=3000000000000000000, value3=4182027272727272727} number: 1
[INFO ] 2018-10-01 16:21:38,265 method:fairbank.App.startBuyKeyLastKey(App.java:142)
离结束还有 50368 秒
[INFO ] 2018-10-01 16:21:38,265 method:fairbank.App.startBuyKeyLastKey(App.java:143)
已筹款 3000000000000000000
[INFO ] 2018-10-01 16:21:38,265 method:fairbank.App.startBuyKeyLastKey(App.java:144)
筹款目标 4182027272727272727
[INFO ] 2018-10-01 16:21:38,716 method:fairbank.manager.ContractManager.getCurrentBalance(ContractManager.java:207)
账户余额 : 0
[INFO ] 2018-10-01 16:21:38,717 method:fairbank.manager.ContractManager$1.onRetry(ContractManager.java:78)
retry result: 0 number: 1
[INFO ] 2018-10-01 16:21:38,717 method:fairbank.App.startBuyKeyLastKey(App.java:149)
账户余额 0
[INFO ] 2018-10-01 16:21:38,718 method:fairbank.App.startBuyKeyLastKey(App.java:150)
花费金额 118202727272727272
[ERROR] 2018-10-01 16:21:38,719 method:fairbank.App.startBuyKeyLastKey(App.java:153)
余额不足
[INFO ] 2018-10-01 16:21:38,719 method:fairbank.App.startBuyKeyLastKey(App.java:162)
<<<<<<<<<< 时间足够，离结束还有 50368 秒
[INFO ] 2018-10-01 16:21:38,720 method:fairbank.App.startBuyKeyLastKey(App.java:185)
<<<<<<<<<<<<<继续等待5036秒
