[INFO ] 2018-09-29 22:00:15,311 method:fairbank.run(fairbank.java:68)
Connected to Ethereum client version:Geth/v1.8.13-patched-infura-omnibus-b59d4428/linux-amd64/go1.9.2 
[INFO ] 2018-09-29 22:00:17,090 method:fairbank.run(fairbank.java:78)
当前区块：6421638
[INFO ] 2018-09-29 22:00:17,090 method:fairbank.buyIn(fairbank.java:141)
===================开始第1次检查=====================
[INFO ] 2018-09-29 22:00:18,645 method:fairbank.buyIn(fairbank.java:147)
交易数量：100 
[INFO ] 2018-09-29 22:00:49,457 method:fairbank.run(fairbank.java:68)
Connected to Ethereum client version:Geth/v1.8.13-patched-infura-omnibus-b59d4428/linux-amd64/go1.9.2 
[INFO ] 2018-09-29 22:00:51,139 method:fairbank.run(fairbank.java:78)
当前区块：6421641
[INFO ] 2018-09-29 22:00:51,141 method:fairbank.buyIn(fairbank.java:141)
===================开始第1次检查=====================
[INFO ] 2018-09-29 22:00:52,853 method:fairbank.buyIn(fairbank.java:147)
交易数量：30 
[INFO ] 2018-09-29 22:00:53,116 method:fairbank.buyIn(fairbank.java:159)
当前轮次：1
[INFO ] 2018-09-29 22:00:53,116 method:fairbank.buyIn(fairbank.java:160)
当前阶段：88
[INFO ] 2018-09-29 22:00:53,116 method:fairbank.buyIn(fairbank.java:161)
当前时间：1538229653
[INFO ] 2018-09-29 22:00:53,116 method:fairbank.buyIn(fairbank.java:162)
本阶段结束时间：1538261140
[INFO ] 2018-09-29 22:00:53,116 method:fairbank.buyIn(fairbank.java:163)
已筹集金额：4352231626356924519
[INFO ] 2018-09-29 22:00:53,117 method:fairbank.buyIn(fairbank.java:164)
目标筹集金额：6291153487486290585
[INFO ] 2018-09-29 22:00:53,117 method:fairbank.buyIn(fairbank.java:165)
奖池金额：252601967345606508372
[INFO ] 2018-09-29 22:00:53,117 method:fairbank.buyIn(fairbank.java:179)
剩余时间: 31487
[INFO ] 2018-09-29 22:00:53,117 method:fairbank.buyIn(fairbank.java:181)
大于30秒，继续等待 
[INFO ] 2018-09-29 22:00:53,117 method:fairbank.buyIn(fairbank.java:199)
<<<<<<<<<<<<<继续等待1秒
[INFO ] 2018-09-29 22:00:54,117 method:fairbank.buyIn(fairbank.java:141)
===================开始第2次检查=====================
[INFO ] 2018-09-29 22:00:55,658 method:fairbank.buyIn(fairbank.java:147)
交易数量：8 
[INFO ] 2018-09-29 22:00:55,931 method:fairbank.buyIn(fairbank.java:159)
当前轮次：1
[INFO ] 2018-09-29 22:00:55,931 method:fairbank.buyIn(fairbank.java:160)
当前阶段：88
[INFO ] 2018-09-29 22:00:55,931 method:fairbank.buyIn(fairbank.java:161)
当前时间：1538229655
[INFO ] 2018-09-29 22:00:55,931 method:fairbank.buyIn(fairbank.java:162)
本阶段结束时间：1538261140
[INFO ] 2018-09-29 22:00:55,931 method:fairbank.buyIn(fairbank.java:163)
已筹集金额：4352231626356924519
[INFO ] 2018-09-29 22:00:55,931 method:fairbank.buyIn(fairbank.java:164)
目标筹集金额：6291153487486290585
[INFO ] 2018-09-29 22:00:55,931 method:fairbank.buyIn(fairbank.java:165)
奖池金额：252601967345606508372
[INFO ] 2018-09-29 22:00:55,931 method:fairbank.buyIn(fairbank.java:179)
剩余时间: 31485
[INFO ] 2018-09-29 22:00:55,931 method:fairbank.buyIn(fairbank.java:181)
大于30秒，继续等待 
[INFO ] 2018-09-29 22:00:55,931 method:fairbank.buyIn(fairbank.java:199)
<<<<<<<<<<<<<继续等待1秒
[INFO ] 2018-09-29 22:00:56,931 method:fairbank.buyIn(fairbank.java:141)
===================开始第3次检查=====================
[INFO ] 2018-09-29 22:00:58,519 method:fairbank.buyIn(fairbank.java:147)
交易数量：8 
[INFO ] 2018-09-29 22:00:58,961 method:fairbank.buyIn(fairbank.java:159)
当前轮次：1
[INFO ] 2018-09-29 22:00:58,961 method:fairbank.buyIn(fairbank.java:160)
当前阶段：88
[INFO ] 2018-09-29 22:00:58,961 method:fairbank.buyIn(fairbank.java:161)
当前时间：1538229658
[INFO ] 2018-09-29 22:00:58,961 method:fairbank.buyIn(fairbank.java:162)
本阶段结束时间：1538261140
[INFO ] 2018-09-29 22:00:58,961 method:fairbank.buyIn(fairbank.java:163)
已筹集金额：4352231626356924519
[INFO ] 2018-09-29 22:00:58,961 method:fairbank.buyIn(fairbank.java:164)
目标筹集金额：6291153487486290585
[INFO ] 2018-09-29 22:00:58,961 method:fairbank.buyIn(fairbank.java:165)
奖池金额：252601967345606508372
[INFO ] 2018-09-29 22:00:58,962 method:fairbank.buyIn(fairbank.java:179)
剩余时间: 31482
[INFO ] 2018-09-29 22:00:58,962 method:fairbank.buyIn(fairbank.java:181)
大于30秒，继续等待 
[INFO ] 2018-09-29 22:00:58,962 method:fairbank.buyIn(fairbank.java:199)
<<<<<<<<<<<<<继续等待1秒
[INFO ] 2018-09-29 22:00:59,963 method:fairbank.buyIn(fairbank.java:141)
===================开始第4次检查=====================
[INFO ] 2018-09-29 22:01:10,034 method:fairbank.buyIn(fairbank.java:147)
交易数量：30 
[INFO ] 2018-09-29 22:01:10,271 method:fairbank.buyIn(fairbank.java:159)
当前轮次：1
[INFO ] 2018-09-29 22:01:10,272 method:fairbank.buyIn(fairbank.java:160)
当前阶段：88
[INFO ] 2018-09-29 22:01:10,272 method:fairbank.buyIn(fairbank.java:161)
当前时间：1538229670
[INFO ] 2018-09-29 22:01:10,272 method:fairbank.buyIn(fairbank.java:162)
本阶段结束时间：1538261140
[INFO ] 2018-09-29 22:01:10,272 method:fairbank.buyIn(fairbank.java:163)
已筹集金额：4352231626356924519
[INFO ] 2018-09-29 22:01:10,272 method:fairbank.buyIn(fairbank.java:164)
目标筹集金额：6291153487486290585
[INFO ] 2018-09-29 22:01:10,272 method:fairbank.buyIn(fairbank.java:165)
奖池金额：252601967345606508372
[INFO ] 2018-09-29 22:01:10,272 method:fairbank.buyIn(fairbank.java:179)
剩余时间: 31470
[INFO ] 2018-09-29 22:01:10,272 method:fairbank.buyIn(fairbank.java:181)
大于30秒，继续等待 
[INFO ] 2018-09-29 22:01:10,273 method:fairbank.buyIn(fairbank.java:199)
<<<<<<<<<<<<<继续等待1秒
[INFO ] 2018-09-29 22:01:11,274 method:fairbank.buyIn(fairbank.java:141)
===================开始第5次检查=====================
[INFO ] 2018-09-29 22:03:33,611 method:fairbank.run(fairbank.java:68)
Connected to Ethereum client version:Geth/v1.8.13-patched-infura-omnibus-b59d4428/linux-amd64/go1.9.2 
[INFO ] 2018-09-29 22:03:35,395 method:fairbank.run(fairbank.java:78)
当前区块：6421653
[INFO ] 2018-09-29 22:03:35,396 method:fairbank.buyIn(fairbank.java:141)
===================开始第1次检查=====================
[INFO ] 2018-09-29 22:03:36,751 method:fairbank.buyIn(fairbank.java:147)
交易数量：95 
[INFO ] 2018-09-29 22:03:37,070 method:fairbank.buyIn(fairbank.java:159)
当前轮次：1
[INFO ] 2018-09-29 22:03:37,071 method:fairbank.buyIn(fairbank.java:160)
当前阶段：88
[INFO ] 2018-09-29 22:03:37,071 method:fairbank.buyIn(fairbank.java:161)
当前时间：1538229817
[INFO ] 2018-09-29 22:03:37,071 method:fairbank.buyIn(fairbank.java:162)
本阶段结束时间：1538261140
[INFO ] 2018-09-29 22:03:37,071 method:fairbank.buyIn(fairbank.java:163)
已筹集金额：4352231626356924519
[INFO ] 2018-09-29 22:03:37,071 method:fairbank.buyIn(fairbank.java:164)
目标筹集金额：6291153487486290585
[INFO ] 2018-09-29 22:03:37,072 method:fairbank.buyIn(fairbank.java:165)
奖池金额：252601967345606508372
[INFO ] 2018-09-29 22:03:37,072 method:fairbank.buyIn(fairbank.java:179)
剩余时间: 31323
[INFO ] 2018-09-29 22:03:37,072 method:fairbank.buyIn(fairbank.java:181)
大于30秒，继续等待 
[INFO ] 2018-09-29 22:03:37,072 method:fairbank.buyIn(fairbank.java:201)
<<<<<<<<<<<<<继续等待3132秒
Connected to Ethereum client version:Geth/v1.8.13-patched-infura-omnibus-b59d4428/linux-amd64/go1.9.2 
当前区块：6421662
===================开始第1次检查=====================
交易数量：65 
当前轮次：1
当前阶段：88
当前时间：1538229975
本阶段结束时间：1538261140
已筹集金额：4352231626356924519
目标筹集金额：6291153487486290585
奖池金额：252601967345606508372
剩余时间: 31165
大于30秒，继续等待 
<<<<<<<<<<<<<继续等待3116秒
[INFO ] 2018-09-29 22:06:32,823 method:fairbank.run(fairbank.java:68)
Connected to Ethereum client version:Geth/v1.8.13-patched-infura-omnibus-b59d4428/linux-amd64/go1.9.2 
[INFO ] 2018-09-29 22:06:34,602 method:fairbank.run(fairbank.java:78)
当前区块：6421663
[INFO ] 2018-09-29 22:06:34,607 method:fairbank.buyIn(fairbank.java:141)
===================开始第1次检查=====================
[INFO ] 2018-09-29 22:06:35,484 method:fairbank.buyIn(fairbank.java:147)
交易数量：83 
[INFO ] 2018-09-29 22:06:35,748 method:fairbank.buyIn(fairbank.java:159)
当前轮次：1
[INFO ] 2018-09-29 22:06:35,749 method:fairbank.buyIn(fairbank.java:160)
当前阶段：88
[INFO ] 2018-09-29 22:06:35,749 method:fairbank.buyIn(fairbank.java:161)
当前时间：1538229995
[INFO ] 2018-09-29 22:06:35,749 method:fairbank.buyIn(fairbank.java:162)
本阶段结束时间：1538261140
[INFO ] 2018-09-29 22:06:35,749 method:fairbank.buyIn(fairbank.java:163)
已筹集金额：4352231626356924519
[INFO ] 2018-09-29 22:06:35,749 method:fairbank.buyIn(fairbank.java:164)
目标筹集金额：6291153487486290585
[INFO ] 2018-09-29 22:06:35,749 method:fairbank.buyIn(fairbank.java:165)
奖池金额：252601967345606508372
[INFO ] 2018-09-29 22:06:35,749 method:fairbank.buyIn(fairbank.java:179)
剩余时间: 31145
[INFO ] 2018-09-29 22:06:35,749 method:fairbank.buyIn(fairbank.java:181)
大于30秒，继续等待 
[INFO ] 2018-09-29 22:06:35,749 method:fairbank.buyIn(fairbank.java:201)
<<<<<<<<<<<<<继续等待3114秒
