[INFO ] 2018-09-29 17:57:01,584 method:fomo.run(fomo.java:66)
Connected to Ethereum client version:Geth/v1.8.13-patched-infura-omnibus-b59d4428/linux-amd64/go1.9.2 
[INFO ] 2018-09-29 17:57:03,173 method:fomo.run(fomo.java:76)
当前区块：6420587
[INFO ] 2018-09-29 17:57:03,188 method:fomo.buyIn(fomo.java:152)
===================开始第1次检查=====================
[INFO ] 2018-09-29 17:57:06,066 method:fomo.buyIn(fomo.java:158)
交易数量：204 
[INFO ] 2018-09-29 17:57:06,448 method:fomo.buyIn(fomo.java:162)
当前价格：380947649521333 
[INFO ] 2018-09-29 22:52:16,766 method:fomo.run(fomo.java:66)
Connected to Ethereum client version:Geth/v1.8.13-patched-infura-omnibus-b59d4428/linux-amd64/go1.9.2 
[INFO ] 2018-09-29 22:52:18,506 method:fomo.run(fomo.java:76)
当前区块：6421855
[INFO ] 2018-09-29 22:52:18,507 method:fomo.buyIn(fomo.java:152)
===================开始第1次检查=====================
[INFO ] 2018-09-29 22:52:26,236 method:fomo.buyIn(fomo.java:158)
交易数量：134 
[INFO ] 2018-09-29 22:52:26,513 method:fomo.buyIn(fomo.java:162)
当前价格：380953398538972 
[INFO ] 2018-09-29 22:52:27,734 method:fomo.buyIn(fomo.java:186)
剩余时间: 63507
[INFO ] 2018-09-29 22:52:27,734 method:fomo.buyIn(fomo.java:188)
大于30秒，继续等待 
[INFO ] 2018-09-29 22:52:27,734 method:fomo.buyIn(fomo.java:212)
<<<<<<<<<<<<<继续等待 6350 秒
[INFO ] 2018-09-29 22:52:50,714 method:fomo.run(fomo.java:66)
Connected to Ethereum client version:Geth/v1.8.13-patched-infura-omnibus-b59d4428/linux-amd64/go1.9.2 
[INFO ] 2018-09-29 22:52:52,390 method:fomo.run(fomo.java:76)
当前区块：6421856
[INFO ] 2018-09-29 22:52:52,391 method:fomo.buyIn(fomo.java:152)
===================开始第1次检查=====================
[INFO ] 2018-09-29 22:52:56,311 method:fomo.buyIn(fomo.java:158)
交易数量：132 
[INFO ] 2018-09-29 22:52:56,609 method:fomo.buyIn(fomo.java:162)
当前价格：380953398538972 
[INFO ] 2018-09-29 22:52:57,202 method:fomo.buyIn(fomo.java:186)
剩余时间: 63479
[INFO ] 2018-09-29 22:52:57,202 method:fomo.buyIn(fomo.java:188)
大于30秒，继续等待 
[INFO ] 2018-09-29 22:52:57,202 method:fomo.buyIn(fomo.java:212)
<<<<<<<<<<<<<继续等待 6347 秒
[INFO ] 2018-09-29 23:32:14,790 method:fomo.run(fomo.java:66)
Connected to Ethereum client version:Geth/v1.8.13-patched-infura-omnibus-b59d4428/linux-amd64/go1.9.2 
[INFO ] 2018-09-29 23:32:59,035 method:fomo.run(fomo.java:66)
Connected to Ethereum client version:Geth/v1.8.13-patched-infura-omnibus-b59d4428/linux-amd64/go1.9.2 
[INFO ] 2018-09-29 23:33:35,138 method:fomo.run(fomo.java:66)
Connected to Ethereum client version:Geth/v1.8.15-omnibus-255989da/linux-amd64/go1.10.1 
