[INFO ] 2018-09-30 21:08:30,566 method:fairbank.App.startBuyKeyLastKey(App.java:119)
========== 开始抢Key BANK ==========
[INFO ] 2018-09-30 21:08:30,570 method:fairbank.App.startBuyKeyLastKey(App.java:129)
=============开始第 1 次检查================
[INFO ] 2018-09-30 21:08:30,573 method:fairbank.App.startBuyKeyLastKey(App.java:132)
合约: 0xB8F93e49A3278bb92f643Ca2491cf80bfa0a01b7
[INFO ] 2018-09-30 21:08:30,573 method:fairbank.App.startBuyKeyLastKey(App.java:134)
<<<<<<<<<< Step 1 查看剩余时间
[INFO ] 2018-09-30 21:08:32,551 method:fairbank.manager.ContractManager.getCurrentInfo(ContractManager.java:274)
target 0xB8F93e49A3278bb92f643Ca2491cf80bfa0a01b7 End Time:1538376635 amounts:538891306618960017 targetAmount: 4130131636363636363
[INFO ] 2018-09-30 21:08:32,552 method:fairbank.manager.ContractManager$1.onRetry(ContractManager.java:78)
retry result: Tuple3{value1=1538376635, value2=538891306618960017, value3=4130131636363636363} number: 1
[INFO ] 2018-09-30 21:08:32,553 method:fairbank.App.startBuyKeyLastKey(App.java:142)
离结束还有 63723 秒
[INFO ] 2018-09-30 21:08:32,553 method:fairbank.App.startBuyKeyLastKey(App.java:143)
已筹款 538891306618960017
[INFO ] 2018-09-30 21:08:32,553 method:fairbank.App.startBuyKeyLastKey(App.java:144)
筹款目标 4130131636363636363
[INFO ] 2018-09-30 21:08:32,962 method:fairbank.manager.ContractManager.getCurrentBalance(ContractManager.java:207)
账户余额 : 989539870000000000
[INFO ] 2018-09-30 21:08:32,963 method:fairbank.manager.ContractManager$1.onRetry(ContractManager.java:78)
retry result: 989539870000000000 number: 1
[INFO ] 2018-09-30 21:08:32,963 method:fairbank.App.startBuyKeyLastKey(App.java:149)
账户余额 989539870000000000
[INFO ] 2018-09-30 21:08:32,964 method:fairbank.App.startBuyKeyLastKey(App.java:150)
花费金额 359124032974467634
[INFO ] 2018-09-30 21:08:32,964 method:fairbank.App.startBuyKeyLastKey(App.java:162)
<<<<<<<<<< 时间足够，离结束还有 63723 秒
[INFO ] 2018-09-30 21:08:32,965 method:fairbank.App.startBuyKeyLastKey(App.java:185)
<<<<<<<<<<<<<继续等待6372秒
